<?xml version="1.0" encoding="UTF-8"?>
<testsuite xmlns:xsi="http://www.w3.org/2001/XMLSchema-instance" xsi:noNamespaceSchemaLocation="https://maven.apache.org/surefire/maven-surefire-plugin/xsd/surefire-test-report-3.0.xsd" version="3.0" name="com.laptitefrance.delivery.despacho.CentroDespachoTest" time="0.161" tests="7" errors="0" skipped="0" failures="0">
  <properties>
[...]
</properties>
  <testcase name="asignacionAutomaticaAsignaPedidoEncolado" classname="com.laptitefrance.delivery.despacho.CentroDespachoTest" time="0.108"/>
  <testcase name="tomarPedidoInexistenteDevuelveNoEncontrado" classname="com.laptitefrance.delivery.despacho.CentroDespachoTest" time="0.004"/>
  <testcase name="variosRepartidoresCompitenSoloUnoGana" classname="com.laptitefrance.delivery.despacho.CentroDespachoTest" time="0.011"/>
  <testcase name="tomarPedidoConRepartidorNuloNoLanza" classname="com.laptitefrance.delivery.despacho.CentroDespachoTest" time="0.002"/>
  <testcase name="entregarLiberaAlRepartidor" classname="com.laptitefrance.delivery.despacho.CentroDespachoTest" time="0.002"/>
  <testcase name="conectarYDesconectarRepartidor" classname="com.laptitefrance.delivery.despacho.CentroDespachoTest" time="0.001"/>
  <testcase name="tomarPedidoConCodigoNuloNoLanza" classname="com.laptitefrance.delivery.despacho.CentroDespachoTest" time="0.002"/>
</testsuite>